Determining if the pthread_create exist failed with the following output:
Change Dir: /home/fabi/programmiersprachen-aufgabenblatt-4/build/CMakeFiles/CMakeTmp

Run Build Command:"/usr/bin/make" "cmTC_63d8b/fast"
/usr/bin/make -f CMakeFiles/cmTC_63d8b.dir/build.make CMakeFiles/cmTC_63d8b.dir/build
make[1]: Verzeichnis „/home/fabi/programmiersprachen-aufgabenblatt-4/build/CMakeFiles/CMakeTmp“ wird betreten
Building C object CMakeFiles/cmTC_63d8b.dir/CheckSymbolExists.c.o
/usr/bin/cc     -o CMakeFiles/cmTC_63d8b.dir/CheckSymbolExists.c.o   -c /home/fabi/programmiersprachen-aufgabenblatt-4/build/CMakeFiles/CMakeTmp/CheckSymbolExists.c
Linking C executable cmTC_63d8b
/usr/bin/cmake -E cmake_link_script CMakeFiles/cmTC_63d8b.dir/link.txt --verbose=1
/usr/bin/cc       CMakeFiles/cmTC_63d8b.dir/CheckSymbolExists.c.o  -o cmTC_63d8b -rdynamic 
CMakeFiles/cmTC_63d8b.dir/CheckSymbolExists.c.o: In Funktion `main':
CheckSymbolExists.c:(.text+0x16): Nicht definierter Verweis auf `pthread_create'
collect2: error: ld returned 1 exit status
CMakeFiles/cmTC_63d8b.dir/build.make:97: die Regel für Ziel „cmTC_63d8b“ scheiterte
make[1]: *** [cmTC_63d8b] Fehler 1
make[1]: Verzeichnis „/home/fabi/programmiersprachen-aufgabenblatt-4/build/CMakeFiles/CMakeTmp“ wird verlassen
Makefile:126: die Regel für Ziel „cmTC_63d8b/fast“ scheiterte
make: *** [cmTC_63d8b/fast] Fehler 2

File /home/fabi/programmiersprachen-aufgabenblatt-4/build/CMakeFiles/CMakeTmp/CheckSymbolExists.c:
/* */
#include <pthread.h>

int main(int argc, char** argv)
{
  (void)argv;
#ifndef pthread_create
  return ((int*)(&pthread_create))[argc];
#else
  (void)argc;
  return 0;
#endif
}

Determining if the function pthread_create exists in the pthreads failed with the following output:
Change Dir: /home/fabi/programmiersprachen-aufgabenblatt-4/build/CMakeFiles/CMakeTmp

Run Build Command:"/usr/bin/make" "cmTC_0fa17/fast"
/usr/bin/make -f CMakeFiles/cmTC_0fa17.dir/build.make CMakeFiles/cmTC_0fa17.dir/build
make[1]: Verzeichnis „/home/fabi/programmiersprachen-aufgabenblatt-4/build/CMakeFiles/CMakeTmp“ wird betreten
Building C object CMakeFiles/cmTC_0fa17.dir/CheckFunctionExists.c.o
/usr/bin/cc    -DCHECK_FUNCTION_EXISTS=pthread_create   -o CMakeFiles/cmTC_0fa17.dir/CheckFunctionExists.c.o   -c /usr/share/cmake-3.5/Modules/CheckFunctionExists.c
Linking C executable cmTC_0fa17
/usr/bin/cmake -E cmake_link_script CMakeFiles/cmTC_0fa17.dir/link.txt --verbose=1
/usr/bin/cc   -DCHECK_FUNCTION_EXISTS=pthread_create    CMakeFiles/cmTC_0fa17.dir/CheckFunctionExists.c.o  -o cmTC_0fa17 -rdynamic -lpthreads 
/usr/bin/ld: cannot find -lpthreads
collect2: error: ld returned 1 exit status
CMakeFiles/cmTC_0fa17.dir/build.make:97: die Regel für Ziel „cmTC_0fa17“ scheiterte
make[1]: *** [cmTC_0fa17] Fehler 1
make[1]: Verzeichnis „/home/fabi/programmiersprachen-aufgabenblatt-4/build/CMakeFiles/CMakeTmp“ wird verlassen
Makefile:126: die Regel für Ziel „cmTC_0fa17/fast“ scheiterte
make: *** [cmTC_0fa17/fast] Fehler 2


Determining if the function glXGetProcAddressEXT exists failed with the following output:
Change Dir: /home/fabi/programmiersprachen-aufgabenblatt-4/build/CMakeFiles/CMakeTmp

Run Build Command:"/usr/bin/make" "cmTC_2ed52/fast"
/usr/bin/make -f CMakeFiles/cmTC_2ed52.dir/build.make CMakeFiles/cmTC_2ed52.dir/build
make[1]: Verzeichnis „/home/fabi/programmiersprachen-aufgabenblatt-4/build/CMakeFiles/CMakeTmp“ wird betreten
Building C object CMakeFiles/cmTC_2ed52.dir/CheckFunctionExists.c.o
/usr/bin/cc    -DCHECK_FUNCTION_EXISTS=glXGetProcAddressEXT   -o CMakeFiles/cmTC_2ed52.dir/CheckFunctionExists.c.o   -c /usr/share/cmake-3.5/Modules/CheckFunctionExists.c
Linking C executable cmTC_2ed52
/usr/bin/cmake -E cmake_link_script CMakeFiles/cmTC_2ed52.dir/link.txt --verbose=1
/usr/bin/cc   -DCHECK_FUNCTION_EXISTS=glXGetProcAddressEXT    CMakeFiles/cmTC_2ed52.dir/CheckFunctionExists.c.o  -o cmTC_2ed52 -rdynamic /usr/lib/x86_64-linux-gnu/libGL.so 
CMakeFiles/cmTC_2ed52.dir/CheckFunctionExists.c.o: In Funktion `main':
CheckFunctionExists.c:(.text+0x15): Nicht definierter Verweis auf `glXGetProcAddressEXT'
collect2: error: ld returned 1 exit status
CMakeFiles/cmTC_2ed52.dir/build.make:98: die Regel für Ziel „cmTC_2ed52“ scheiterte
make[1]: *** [cmTC_2ed52] Fehler 1
make[1]: Verzeichnis „/home/fabi/programmiersprachen-aufgabenblatt-4/build/CMakeFiles/CMakeTmp“ wird verlassen
Makefile:126: die Regel für Ziel „cmTC_2ed52/fast“ scheiterte
make: *** [cmTC_2ed52/fast] Fehler 2


